#
# There is insufficient memory for the Java Runtime Environment to continue.
# Native memory allocation (malloc) failed to allocate 296656 bytes for Chunk::new
# Possible reasons:
#   The system is out of physical RAM or swap space
#   The process is running with CompressedOops enabled, and the Java Heap may be blocking the growth of the native heap
# Possible solutions:
#   Reduce memory load on the system
#   Increase physical memory or swap space
#   Check if swap backing store is full
#   Decrease Java heap size (-Xmx/-Xms)
#   Decrease number of Java threads
#   Decrease Java thread stack sizes (-Xss)
#   Set larger code cache with -XX:ReservedCodeCacheSize=
#   JVM is running with Unscaled Compressed Oops mode in which the Java heap is
#     placed in the first 4GB address space. The Java Heap base address is the
#     maximum limit for the native heap growth. Please use -XX:HeapBaseMinAddress
#     to set the Java Heap base and to place the Java Heap above 4GB virtual address.
# This output file may be truncated or incomplete.
#
#  Out of Memory Error (c:/BuildAgent/work/5ff2f6c26000d570/src/hotspot/share/memory/arena.cpp:197), pid=23452, tid=23416
#
# JRE version: OpenJDK Runtime Environment (11.0.5+10) (build 11.0.5+10-b520.38)
# Java VM: OpenJDK 64-Bit Server VM (11.0.5+10-b520.38, mixed mode, sharing, tiered, compressed oops, g1 gc, windows-amd64)
# No core dump will be written. Minidumps are not enabled by default on client versions of Windows
#

---------------  S U M M A R Y ------------

Command Line: -javaagent:C:\Program Files\JetBrains\IntelliJ IDEA Community Edition 2019.3.3\lib\idea_rt.jar=60548:C:\Program Files\JetBrains\IntelliJ IDEA Community Edition 2019.3.3\bin -Dfile.encoding=UTF-8 sample.Main

Host: Intel(R) Core(TM) i5-7200U CPU @ 2.50GHz, 4 cores, 7G,  Windows 10 , 64 bit Build 18362 (10.0.18362.778)
Time: Mon Apr 27 00:36:30 2020 Eastern Daylight Time elapsed time: 2 seconds (0d 0h 0m 2s)

---------------  T H R E A D  ---------------

Current thread (0x0000028ae8d27000):  JavaThread "C2 CompilerThread0" daemon [_thread_in_native, id=23416, stack(0x000000e9c8b00000,0x000000e9c8c00000)]


Current CompileTask:
C2:   2271  810       4       java.lang.invoke.LambdaForm$Name::replaceNames (174 bytes)

Stack: [0x000000e9c8b00000,0x000000e9c8c00000]
Native frames: (J=compiled Java code, j=interpreted, Vv=VM code, C=native code)
V  [jvm.dll+0x5dcafa]
V  [jvm.dll+0x70e375]
V  [jvm.dll+0x70f898]
V  [jvm.dll+0x70ff63]
V  [jvm.dll+0x23e238]
V  [jvm.dll+0xb8a9c]
V  [jvm.dll+0xb8fac]
V  [jvm.dll+0x34fc9d]
V  [jvm.dll+0x31d9d3]
V  [jvm.dll+0x31cf6a]
V  [jvm.dll+0x1f78c2]
V  [jvm.dll+0x1f6a94]
V  [jvm.dll+0x17f6fc]
V  [jvm.dll+0x204f77]
V  [jvm.dll+0x2037f1]
V  [jvm.dll+0x6d835f]
V  [jvm.dll+0x6d114d]
V  [jvm.dll+0x5dbdd6]
C  [ucrtbase.dll+0x20e72]
C  [KERNEL32.DLL+0x17bd4]
C  [ntdll.dll+0x6ce51]


---------------  P R O C E S S  ---------------

Threads class SMR info:
_java_thread_list=0x0000028ae9d5f990, length=16, elements={
0x0000028acec5f800, 0x0000028ae8d0c800, 0x0000028ae8d0e800, 0x0000028ae8d24800,
0x0000028ae8d25800, 0x0000028ae8d27000, 0x0000028ae8d2e800, 0x0000028ae8d5e800,
0x0000028ae977d000, 0x0000028ae990c000, 0x0000028ae990c800, 0x0000028ae9ae2000,
0x0000028ae9b70000, 0x0000028ae9b4e800, 0x0000028ae9d1d800, 0x0000028ae9d50000
}

Java Threads: ( => current thread )
  0x0000028acec5f800 JavaThread "main" [_thread_blocked, id=24080, stack(0x000000e9c8000000,0x000000e9c8100000)]
  0x0000028ae8d0c800 JavaThread "Reference Handler" daemon [_thread_blocked, id=25948, stack(0x000000e9c8700000,0x000000e9c8800000)]
  0x0000028ae8d0e800 JavaThread "Finalizer" daemon [_thread_blocked, id=2720, stack(0x000000e9c8800000,0x000000e9c8900000)]
  0x0000028ae8d24800 JavaThread "Signal Dispatcher" daemon [_thread_blocked, id=27300, stack(0x000000e9c8900000,0x000000e9c8a00000)]
  0x0000028ae8d25800 JavaThread "Attach Listener" daemon [_thread_blocked, id=12824, stack(0x000000e9c8a00000,0x000000e9c8b00000)]
=>0x0000028ae8d27000 JavaThread "C2 CompilerThread0" daemon [_thread_in_native, id=23416, stack(0x000000e9c8b00000,0x000000e9c8c00000)]
  0x0000028ae8d2e800 JavaThread "C1 CompilerThread0" daemon [_thread_blocked, id=9028, stack(0x000000e9c8c00000,0x000000e9c8d00000)]
  0x0000028ae8d5e800 JavaThread "Sweeper thread" daemon [_thread_blocked, id=27764, stack(0x000000e9c8d00000,0x000000e9c8e00000)]
  0x0000028ae977d000 JavaThread "Common-Cleaner" daemon [_thread_blocked, id=26984, stack(0x000000e9c8e00000,0x000000e9c8f00000)]
  0x0000028ae990c000 JavaThread "Monitor Ctrl-Break" daemon [_thread_in_native, id=8732, stack(0x000000e9c9000000,0x000000e9c9100000)]
  0x0000028ae990c800 JavaThread "Service Thread" daemon [_thread_blocked, id=2316, stack(0x000000e9c9100000,0x000000e9c9200000)]
  0x0000028ae9ae2000 JavaThread "QuantumRenderer-0" daemon [_thread_blocked, id=23596, stack(0x000000e9c8f00000,0x000000e9c9000000)]
  0x0000028ae9b70000 JavaThread "InvokeLaterDispatcher" daemon [_thread_blocked, id=12208, stack(0x000000e9c9300000,0x000000e9c9400000)]
  0x0000028ae9b4e800 JavaThread "JavaFX Application Thread" [_thread_in_Java, id=21864, stack(0x000000e9c9400000,0x000000e9c9500000)]
  0x0000028ae9d1d800 JavaThread "JavaFX-Launcher" [_thread_blocked, id=22540, stack(0x000000e9c9900000,0x000000e9c9a00000)]
  0x0000028ae9d50000 JavaThread "Thread-2" daemon [_thread_in_native, id=8692, stack(0x000000e9c9800000,0x000000e9c9900000)]

Other Threads:
  0x0000028ae8d0b000 VMThread "VM Thread" [stack: 0x000000e9c8600000,0x000000e9c8700000] [id=27352]
  0x0000028ae990d800 WatcherThread [stack: 0x000000e9c9200000,0x000000e9c9300000] [id=24020]
  0x0000028acec79000 GCTaskThread "GC Thread#0" [stack: 0x000000e9c8100000,0x000000e9c8200000] [id=22856]
  0x0000028ae9d3e000 GCTaskThread "GC Thread#1" [stack: 0x000000e9c9a00000,0x000000e9c9b00000] [id=22584]
  0x0000028ae9d2f000 GCTaskThread "GC Thread#2" [stack: 0x000000e9c9b00000,0x000000e9c9c00000] [id=23328]
  0x0000028ae9931800 GCTaskThread "GC Thread#3" [stack: 0x000000e9c9c00000,0x000000e9c9d00000] [id=668]
  0x0000028aceca8800 ConcurrentGCThread "G1 Main Marker" [stack: 0x000000e9c8200000,0x000000e9c8300000] [id=28428]
  0x0000028acecaa800 ConcurrentGCThread "G1 Conc#0" [stack: 0x000000e9c8300000,0x000000e9c8400000] [id=15272]
  0x0000028aced2e000 ConcurrentGCThread "G1 Refine#0" [stack: 0x000000e9c8400000,0x000000e9c8500000] [id=27400]
  0x0000028ae8ba0800 ConcurrentGCThread "G1 Young RemSet Sampling" [stack: 0x000000e9c8500000,0x000000e9c8600000] [id=10556]

Threads with active compile tasks:
C2 CompilerThread0   2321  810       4       java.lang.invoke.LambdaForm$Name::replaceNames (174 bytes)

VM state:not at safepoint (normal execution)

VM Mutex/Monitor currently owned by a thread: None

Heap address: 0x0000000081800000, size: 2024 MB, Compressed Oops mode: 32-bit
Narrow klass base: 0x0000000800000000, Narrow klass shift: 3
Compressed class space size: 1073741824 Address: 0x0000000840000000

Heap:
 garbage-first heap   total 131072K, used 6445K [0x0000000081800000, 0x0000000100000000)
  region size 1024K, 7 young (7168K), 2 survivors (2048K)
 Metaspace       used 6342K, capacity 8384K, committed 8448K, reserved 1056768K
  class space    used 722K, capacity 998K, committed 1024K, reserved 1048576K
Heap Regions: E=young(eden), S=young(survivor), O=old, HS=humongous(starts), HC=humongous(continues), CS=collection set, F=free, A=archive, TAMS=top-at-mark-start (previous, next)
|   0|0x0000000081800000, 0x000000008184b400, 0x0000000081900000| 29%| O|  |TAMS 0x0000000081800000, 0x0000000081800000| Untracked 
|   1|0x0000000081900000, 0x0000000081900000, 0x0000000081a00000|  0%| F|  |TAMS 0x0000000081900000, 0x0000000081900000| Untracked 
|   2|0x0000000081a00000, 0x0000000081a00000, 0x0000000081b00000|  0%| F|  |TAMS 0x0000000081a00000, 0x0000000081a00000| Untracked 
|   3|0x0000000081b00000, 0x0000000081b00000, 0x0000000081c00000|  0%| F|  |TAMS 0x0000000081b00000, 0x0000000081b00000| Untracked 
|   4|0x0000000081c00000, 0x0000000081c00000, 0x0000000081d00000|  0%| F|  |TAMS 0x0000000081c00000, 0x0000000081c00000| Untracked 
|   5|0x0000000081d00000, 0x0000000081d00000, 0x0000000081e00000|  0%| F|  |TAMS 0x0000000081d00000, 0x0000000081d00000| Untracked 
|   6|0x0000000081e00000, 0x0000000081e00000, 0x0000000081f00000|  0%| F|  |TAMS 0x0000000081e00000, 0x0000000081e00000| Untracked 
|   7|0x0000000081f00000, 0x0000000081f00000, 0x0000000082000000|  0%| F|  |TAMS 0x0000000081f00000, 0x0000000081f00000| Untracked 
|   8|0x0000000082000000, 0x0000000082000000, 0x0000000082100000|  0%| F|  |TAMS 0x0000000082000000, 0x0000000082000000| Untracked 
|   9|0x0000000082100000, 0x0000000082100000, 0x0000000082200000|  0%| F|  |TAMS 0x0000000082100000, 0x0000000082100000| Untracked 
|  10|0x0000000082200000, 0x0000000082200000, 0x0000000082300000|  0%| F|  |TAMS 0x0000000082200000, 0x0000000082200000| Untracked 
|  11|0x0000000082300000, 0x0000000082300000, 0x0000000082400000|  0%| F|  |TAMS 0x0000000082300000, 0x0000000082300000| Untracked 
|  12|0x0000000082400000, 0x0000000082400000, 0x0000000082500000|  0%| F|  |TAMS 0x0000000082400000, 0x0000000082400000| Untracked 
|  13|0x0000000082500000, 0x0000000082500000, 0x0000000082600000|  0%| F|  |TAMS 0x0000000082500000, 0x0000000082500000| Untracked 
|  14|0x0000000082600000, 0x0000000082600000, 0x0000000082700000|  0%| F|  |TAMS 0x0000000082600000, 0x0000000082600000| Untracked 
|  15|0x0000000082700000, 0x0000000082700000, 0x0000000082800000|  0%| F|  |TAMS 0x0000000082700000, 0x0000000082700000| Untracked 
|  16|0x0000000082800000, 0x0000000082800000, 0x0000000082900000|  0%| F|  |TAMS 0x0000000082800000, 0x0000000082800000| Untracked 
|  17|0x0000000082900000, 0x0000000082900000, 0x0000000082a00000|  0%| F|  |TAMS 0x0000000082900000, 0x0000000082900000| Untracked 
|  18|0x0000000082a00000, 0x0000000082a00000, 0x0000000082b00000|  0%| F|  |TAMS 0x0000000082a00000, 0x0000000082a00000| Untracked 
|  19|0x0000000082b00000, 0x0000000082b00000, 0x0000000082c00000|  0%| F|  |TAMS 0x0000000082b00000, 0x0000000082b00000| Untracked 
|  20|0x0000000082c00000, 0x0000000082c00000, 0x0000000082d00000|  0%| F|  |TAMS 0x0000000082c00000, 0x0000000082c00000| Untracked 
|  21|0x0000000082d00000, 0x0000000082d00000, 0x0000000082e00000|  0%| F|  |TAMS 0x0000000082d00000, 0x0000000082d00000| Untracked 
|  22|0x0000000082e00000, 0x0000000082e00000, 0x0000000082f00000|  0%| F|  |TAMS 0x0000000082e00000, 0x0000000082e00000| Untracked 
|  23|0x0000000082f00000, 0x0000000082f00000, 0x0000000083000000|  0%| F|  |TAMS 0x0000000082f00000, 0x0000000082f00000| Untracked 
|  24|0x0000000083000000, 0x0000000083000000, 0x0000000083100000|  0%| F|  |TAMS 0x0000000083000000, 0x0000000083000000| Untracked 
|  25|0x0000000083100000, 0x0000000083100000, 0x0000000083200000|  0%| F|  |TAMS 0x0000000083100000, 0x0000000083100000| Untracked 
|  26|0x0000000083200000, 0x0000000083200000, 0x0000000083300000|  0%| F|  |TAMS 0x0000000083200000, 0x0000000083200000| Untracked 
|  27|0x0000000083300000, 0x0000000083300000, 0x0000000083400000|  0%| F|  |TAMS 0x0000000083300000, 0x0000000083300000| Untracked 
|  28|0x0000000083400000, 0x0000000083400000, 0x0000000083500000|  0%| F|  |TAMS 0x0000000083400000, 0x0000000083400000| Untracked 
|  29|0x0000000083500000, 0x0000000083500000, 0x0000000083600000|  0%| F|  |TAMS 0x0000000083500000, 0x0000000083500000| Untracked 
|  30|0x0000000083600000, 0x0000000083600000, 0x0000000083700000|  0%| F|  |TAMS 0x0000000083600000, 0x0000000083600000| Untracked 
|  31|0x0000000083700000, 0x0000000083700000, 0x0000000083800000|  0%| F|  |TAMS 0x0000000083700000, 0x0000000083700000| Untracked 
|  32|0x0000000083800000, 0x0000000083800000, 0x0000000083900000|  0%| F|  |TAMS 0x0000000083800000, 0x0000000083800000| Untracked 
|  33|0x0000000083900000, 0x0000000083900000, 0x0000000083a00000|  0%| F|  |TAMS 0x0000000083900000, 0x0000000083900000| Untracked 
|  34|0x0000000083a00000, 0x0000000083a00000, 0x0000000083b00000|  0%| F|  |TAMS 0x0000000083a00000, 0x0000000083a00000| Untracked 
|  35|0x0000000083b00000, 0x0000000083b00000, 0x0000000083c00000|  0%| F|  |TAMS 0x0000000083b00000, 0x0000000083b00000| Untracked 
|  36|0x0000000083c00000, 0x0000000083c00000, 0x0000000083d00000|  0%| F|  |TAMS 0x0000000083c00000, 0x0000000083c00000| Untracked 
|  37|0x0000000083d00000, 0x0000000083d00000, 0x0000000083e00000|  0%| F|  |TAMS 0x0000000083d00000, 0x0000000083d00000| Untracked 
|  38|0x0000000083e00000, 0x0000000083e00000, 0x0000000083f00000|  0%| F|  |TAMS 0x0000000083e00000, 0x0000000083e00000| Untracked 
|  39|0x0000000083f00000, 0x0000000083f00000, 0x0000000084000000|  0%| F|  |TAMS 0x0000000083f00000, 0x0000000083f00000| Untracked 
|  40|0x0000000084000000, 0x0000000084000000, 0x0000000084100000|  0%| F|  |TAMS 0x0000000084000000, 0x0000000084000000| Untracked 
|  41|0x0000000084100000, 0x0000000084100000, 0x0000000084200000|  0%| F|  |TAMS 0x0000000084100000, 0x0000000084100000| Untracked 
|  42|0x0000000084200000, 0x0000000084200000, 0x0000000084300000|  0%| F|  |TAMS 0x0000000084200000, 0x0000000084200000| Untracked 
|  43|0x0000000084300000, 0x0000000084300000, 0x0000000084400000|  0%| F|  |TAMS 0x0000000084300000, 0x0000000084300000| Untracked 
|  44|0x0000000084400000, 0x0000000084400000, 0x0000000084500000|  0%| F|  |TAMS 0x0000000084400000, 0x0000000084400000| Untracked 
|  45|0x0000000084500000, 0x0000000084500000, 0x0000000084600000|  0%| F|  |TAMS 0x0000000084500000, 0x0000000084500000| Untracked 
|  46|0x0000000084600000, 0x0000000084600000, 0x0000000084700000|  0%| F|  |TAMS 0x0000000084600000, 0x0000000084600000| Untracked 
|  47|0x0000000084700000, 0x0000000084700000, 0x0000000084800000|  0%| F|  |TAMS 0x0000000084700000, 0x0000000084700000| Untracked 
|  48|0x0000000084800000, 0x0000000084800000, 0x0000000084900000|  0%| F|  |TAMS 0x0000000084800000, 0x0000000084800000| Untracked 
|  49|0x0000000084900000, 0x0000000084900000, 0x0000000084a00000|  0%| F|  |TAMS 0x0000000084900000, 0x0000000084900000| Untracked 
|  50|0x0000000084a00000, 0x0000000084a00000, 0x0000000084b00000|  0%| F|  |TAMS 0x0000000084a00000, 0x0000000084a00000| Untracked 
|  51|0x0000000084b00000, 0x0000000084b00000, 0x0000000084c00000|  0%| F|  |TAMS 0x0000000084b00000, 0x0000000084b00000| Untracked 
|  52|0x0000000084c00000, 0x0000000084c00000, 0x0000000084d00000|  0%| F|  |TAMS 0x0000000084c00000, 0x0000000084c00000| Untracked 
|  53|0x0000000084d00000, 0x0000000084d00000, 0x0000000084e00000|  0%| F|  |TAMS 0x0000000084d00000, 0x0000000084d00000| Untracked 
|  54|0x0000000084e00000, 0x0000000084e00000, 0x0000000084f00000|  0%| F|  |TAMS 0x0000000084e00000, 0x0000000084e00000| Untracked 
|  55|0x0000000084f00000, 0x0000000084f00000, 0x0000000085000000|  0%| F|  |TAMS 0x0000000084f00000, 0x0000000084f00000| Untracked 
|  56|0x0000000085000000, 0x0000000085000000, 0x0000000085100000|  0%| F|  |TAMS 0x0000000085000000, 0x0000000085000000| Untracked 
|  57|0x0000000085100000, 0x0000000085100000, 0x0000000085200000|  0%| F|  |TAMS 0x0000000085100000, 0x0000000085100000| Untracked 
|  58|0x0000000085200000, 0x0000000085200000, 0x0000000085300000|  0%| F|  |TAMS 0x0000000085200000, 0x0000000085200000| Untracked 
|  59|0x0000000085300000, 0x0000000085300000, 0x0000000085400000|  0%| F|  |TAMS 0x0000000085300000, 0x0000000085300000| Untracked 
|  60|0x0000000085400000, 0x0000000085400000, 0x0000000085500000|  0%| F|  |TAMS 0x0000000085400000, 0x0000000085400000| Untracked 
|  61|0x0000000085500000, 0x0000000085500000, 0x0000000085600000|  0%| F|  |TAMS 0x0000000085500000, 0x0000000085500000| Untracked 
|  62|0x0000000085600000, 0x0000000085600000, 0x0000000085700000|  0%| F|  |TAMS 0x0000000085600000, 0x0000000085600000| Untracked 
|  63|0x0000000085700000, 0x0000000085700000, 0x0000000085800000|  0%| F|  |TAMS 0x0000000085700000, 0x0000000085700000| Untracked 
|  64|0x0000000085800000, 0x0000000085800000, 0x0000000085900000|  0%| F|  |TAMS 0x0000000085800000, 0x0000000085800000| Untracked 
|  65|0x0000000085900000, 0x0000000085900000, 0x0000000085a00000|  0%| F|  |TAMS 0x0000000085900000, 0x0000000085900000| Untracked 
|  66|0x0000000085a00000, 0x0000000085a00000, 0x0000000085b00000|  0%| F|  |TAMS 0x0000000085a00000, 0x0000000085a00000| Untracked 
|  67|0x0000000085b00000, 0x0000000085b00000, 0x0000000085c00000|  0%| F|  |TAMS 0x0000000085b00000, 0x0000000085b00000| Untracked 
|  68|0x0000000085c00000, 0x0000000085c00000, 0x0000000085d00000|  0%| F|  |TAMS 0x0000000085c00000, 0x0000000085c00000| Untracked 
|  69|0x0000000085d00000, 0x0000000085d00000, 0x0000000085e00000|  0%| F|  |TAMS 0x0000000085d00000, 0x0000000085d00000| Untracked 
|  70|0x0000000085e00000, 0x0000000085e00000, 0x0000000085f00000|  0%| F|  |TAMS 0x0000000085e00000, 0x0000000085e00000| Untracked 
|  71|0x0000000085f00000, 0x0000000085f00000, 0x0000000086000000|  0%| F|  |TAMS 0x0000000085f00000, 0x0000000085f00000| Untracked 
|  72|0x0000000086000000, 0x0000000086000000, 0x0000000086100000|  0%| F|  |TAMS 0x0000000086000000, 0x0000000086000000| Untracked 
|  73|0x0000000086100000, 0x0000000086100000, 0x0000000086200000|  0%| F|  |TAMS 0x0000000086100000, 0x0000000086100000| Untracked 
|  74|0x0000000086200000, 0x0000000086200000, 0x0000000086300000|  0%| F|  |TAMS 0x0000000086200000, 0x0000000086200000| Untracked 
|  75|0x0000000086300000, 0x0000000086300000, 0x0000000086400000|  0%| F|  |TAMS 0x0000000086300000, 0x0000000086300000| Untracked 
|  76|0x0000000086400000, 0x0000000086400000, 0x0000000086500000|  0%| F|  |TAMS 0x0000000086400000, 0x0000000086400000| Untracked 
|  77|0x0000000086500000, 0x0000000086500000, 0x0000000086600000|  0%| F|  |TAMS 0x0000000086500000, 0x0000000086500000| Untracked 
|  78|0x0000000086600000, 0x0000000086600000, 0x0000000086700000|  0%| F|  |TAMS 0x0000000086600000, 0x0000000086600000| Untracked 
|  79|0x0000000086700000, 0x0000000086700000, 0x0000000086800000|  0%| F|  |TAMS 0x0000000086700000, 0x0000000086700000| Untracked 
|  80|0x0000000086800000, 0x0000000086800000, 0x0000000086900000|  0%| F|  |TAMS 0x0000000086800000, 0x0000000086800000| Untracked 
|  81|0x0000000086900000, 0x0000000086900000, 0x0000000086a00000|  0%| F|  |TAMS 0x0000000086900000, 0x0000000086900000| Untracked 
|  82|0x0000000086a00000, 0x0000000086a00000, 0x0000000086b00000|  0%| F|  |TAMS 0x0000000086a00000, 0x0000000086a00000| Untracked 
|  83|0x0000000086b00000, 0x0000000086b00000, 0x0000000086c00000|  0%| F|  |TAMS 0x0000000086b00000, 0x0000000086b00000| Untracked 
|  84|0x0000000086c00000, 0x0000000086c00000, 0x0000000086d00000|  0%| F|  |TAMS 0x0000000086c00000, 0x0000000086c00000| Untracked 
|  85|0x0000000086d00000, 0x0000000086d00000, 0x0000000086e00000|  0%| F|  |TAMS 0x0000000086d00000, 0x0000000086d00000| Untracked 
|  86|0x0000000086e00000, 0x0000000086e00000, 0x0000000086f00000|  0%| F|  |TAMS 0x0000000086e00000, 0x0000000086e00000| Untracked 
|  87|0x0000000086f00000, 0x0000000086f00000, 0x0000000087000000|  0%| F|  |TAMS 0x0000000086f00000, 0x0000000086f00000| Untracked 
|  88|0x0000000087000000, 0x0000000087000000, 0x0000000087100000|  0%| F|  |TAMS 0x0000000087000000, 0x0000000087000000| Untracked 
|  89|0x0000000087100000, 0x0000000087100000, 0x0000000087200000|  0%| F|  |TAMS 0x0000000087100000, 0x0000000087100000| Untracked 
|  90|0x0000000087200000, 0x0000000087200000, 0x0000000087300000|  0%| F|  |TAMS 0x0000000087200000, 0x0000000087200000| Untracked 
|  91|0x0000000087300000, 0x0000000087300000, 0x0000000087400000|  0%| F|  |TAMS 0x0000000087300000, 0x0000000087300000| Untracked 
|  92|0x0000000087400000, 0x0000000087400000, 0x0000000087500000|  0%| F|  |TAMS 0x0000000087400000, 0x0000000087400000| Untracked 
|  93|0x0000000087500000, 0x0000000087500000, 0x0000000087600000|  0%| F|  |TAMS 0x0000000087500000, 0x0000000087500000| Untracked 
|  94|0x0000000087600000, 0x0000000087600000, 0x0000000087700000|  0%| F|  |TAMS 0x0000000087600000, 0x0000000087600000| Untracked 
|  95|0x0000000087700000, 0x0000000087700000, 0x0000000087800000|  0%| F|  |TAMS 0x0000000087700000, 0x0000000087700000| Untracked 
|  96|0x0000000087800000, 0x0000000087800000, 0x0000000087900000|  0%| F|  |TAMS 0x0000000087800000, 0x0000000087800000| Untracked 
|  97|0x0000000087900000, 0x0000000087900000, 0x0000000087a00000|  0%| F|  |TAMS 0x0000000087900000, 0x0000000087900000| Untracked 
|  98|0x0000000087a00000, 0x0000000087a00000, 0x0000000087b00000|  0%| F|  |TAMS 0x0000000087a00000, 0x0000000087a00000| Untracked 
|  99|0x0000000087b00000, 0x0000000087b00000, 0x0000000087c00000|  0%| F|  |TAMS 0x0000000087b00000, 0x0000000087b00000| Untracked 
| 100|0x0000000087c00000, 0x0000000087c00000, 0x0000000087d00000|  0%| F|  |TAMS 0x0000000087c00000, 0x0000000087c00000| Untracked 
| 101|0x0000000087d00000, 0x0000000087d00000, 0x0000000087e00000|  0%| F|  |TAMS 0x0000000087d00000, 0x0000000087d00000| Untracked 
| 102|0x0000000087e00000, 0x0000000087e00000, 0x0000000087f00000|  0%| F|  |TAMS 0x0000000087e00000, 0x0000000087e00000| Untracked 
| 103|0x0000000087f00000, 0x0000000087f00000, 0x0000000088000000|  0%| F|  |TAMS 0x0000000087f00000, 0x0000000087f00000| Untracked 
| 104|0x0000000088000000, 0x0000000088000000, 0x0000000088100000|  0%| F|  |TAMS 0x0000000088000000, 0x0000000088000000| Untracked 
| 105|0x0000000088100000, 0x0000000088100000, 0x0000000088200000|  0%| F|  |TAMS 0x0000000088100000, 0x0000000088100000| Untracked 
| 106|0x0000000088200000, 0x0000000088200000, 0x0000000088300000|  0%| F|  |TAMS 0x0000000088200000, 0x0000000088200000| Untracked 
| 107|0x0000000088300000, 0x0000000088300000, 0x0000000088400000|  0%| F|  |TAMS 0x0000000088300000, 0x0000000088300000| Untracked 
| 108|0x0000000088400000, 0x0000000088400000, 0x0000000088500000|  0%| F|  |TAMS 0x0000000088400000, 0x0000000088400000| Untracked 
| 109|0x0000000088500000, 0x0000000088500000, 0x0000000088600000|  0%| F|  |TAMS 0x0000000088500000, 0x0000000088500000| Untracked 
| 110|0x0000000088600000, 0x0000000088600000, 0x0000000088700000|  0%| F|  |TAMS 0x0000000088600000, 0x0000000088600000| Untracked 
| 111|0x0000000088700000, 0x0000000088700000, 0x0000000088800000|  0%| F|  |TAMS 0x0000000088700000, 0x0000000088700000| Untracked 
| 112|0x0000000088800000, 0x0000000088900000, 0x0000000088900000|100%| S|CS|TAMS 0x0000000088800000, 0x0000000088800000| Complete 
| 113|0x0000000088900000, 0x0000000088a00000, 0x0000000088a00000|100%| S|CS|TAMS 0x0000000088900000, 0x0000000088900000| Complete 
| 114|0x0000000088a00000, 0x0000000088a00000, 0x0000000088b00000|  0%| F|  |TAMS 0x0000000088a00000, 0x0000000088a00000| Untracked 
| 115|0x0000000088b00000, 0x0000000088b00000, 0x0000000088c00000|  0%| F|  |TAMS 0x0000000088b00000, 0x0000000088b00000| Untracked 
| 116|0x0000000088c00000, 0x0000000088c00000, 0x0000000088d00000|  0%| F|  |TAMS 0x0000000088c00000, 0x0000000088c00000| Untracked 
| 117|0x0000000088d00000, 0x0000000088d00000, 0x0000000088e00000|  0%| F|  |TAMS 0x0000000088d00000, 0x0000000088d00000| Untracked 
| 118|0x0000000088e00000, 0x0000000088e00000, 0x0000000088f00000|  0%| F|  |TAMS 0x0000000088e00000, 0x0000000088e00000| Untracked 
| 119|0x0000000088f00000, 0x0000000088f00000, 0x0000000089000000|  0%| F|  |TAMS 0x0000000088f00000, 0x0000000088f00000| Untracked 
| 120|0x0000000089000000, 0x0000000089000000, 0x0000000089100000|  0%| F|  |TAMS 0x0000000089000000, 0x0000000089000000| Untracked 
| 121|0x0000000089100000, 0x0000000089100000, 0x0000000089200000|  0%| F|  |TAMS 0x0000000089100000, 0x0000000089100000| Untracked 
| 122|0x0000000089200000, 0x00000000892808f0, 0x0000000089300000| 50%| E|  |TAMS 0x0000000089200000, 0x0000000089200000| Complete 
| 123|0x0000000089300000, 0x0000000089400000, 0x0000000089400000|100%| E|CS|TAMS 0x0000000089300000, 0x0000000089300000| Complete 
| 124|0x0000000089400000, 0x0000000089500000, 0x0000000089500000|100%| E|CS|TAMS 0x0000000089400000, 0x0000000089400000| Complete 
| 125|0x0000000089500000, 0x0000000089600000, 0x0000000089600000|100%| E|CS|TAMS 0x0000000089500000, 0x0000000089500000| Complete 
| 126|0x0000000089600000, 0x0000000089700000, 0x0000000089700000|100%| E|CS|TAMS 0x0000000089600000, 0x0000000089600000| Complete 
| 127|0x0000000089700000, 0x0000000089800000, 0x0000000089800000|100%| E|CS|TAMS 0x0000000089700000, 0x0000000089700000| Complete 

Card table byte_map: [0x0000028ae2120000,0x0000028ae2520000] _byte_map_base: 0x0000028ae1d14000

Marking Bits (Prev, Next): (CMBitMap*) 0x0000028acec9fb28, (CMBitMap*) 0x0000028acec9fb60
 Prev Bits: [0x0000028ae2920000, 0x0000028ae48c0000)
 Next Bits: [0x0000028ae48c0000, 0x0000028ae6860000)

Polling page: 0x0000028acce00000

Metaspace:

Usage:
  Non-class:      7.28 MB capacity,     5.56 MB ( 76%) used,     1.69 MB ( 23%) free+waste,    27.44 KB ( <1%) overhead. 
      Class:    998.00 KB capacity,   729.94 KB ( 73%) used,   253.25 KB ( 25%) free+waste,    14.81 KB (  1%) overhead. 
       Both:      8.25 MB capacity,     6.27 MB ( 76%) used,     1.94 MB ( 23%) free+waste,    42.25 KB ( <1%) overhead. 

Virtual space:
  Non-class space:        8.00 MB reserved,       7.50 MB ( 94%) committed 
      Class space:        1.00 GB reserved,       1.00 MB ( <1%) committed 
             Both:        1.01 GB reserved,       8.50 MB ( <1%) committed 

Chunk freelists:
   Non-Class:  38.00 KB
       Class:  26.00 KB
        Both:  64.00 KB

MaxMetaspaceSize: 17179869184.00 GB
CompressedClassSpaceSize: 1.00 GB

CodeHeap 'non-profiled nmethods': size=120064Kb used=255Kb max_used=255Kb free=119808Kb
 bounds [0x0000028ada7e0000, 0x0000028adaa50000, 0x0000028ae1d20000]
CodeHeap 'profiled nmethods': size=120000Kb used=1530Kb max_used=1530Kb free=118469Kb
 bounds [0x0000028ad32b0000, 0x0000028ad3520000, 0x0000028ada7e0000]
CodeHeap 'non-nmethods': size=5696Kb used=1156Kb max_used=1163Kb free=4539Kb
 bounds [0x0000028ad2d20000, 0x0000028ad2f90000, 0x0000028ad32b0000]
 total_blobs=1793 nmethods=879 adapters=397
 compilation: enabled
              stopped_count=0, restarted_count=0
 full_count=0

Compilation events (20 events):
Event: 2.256 Thread 0x0000028ae8d2e800 nmethod 828 0x0000028ad3407c90 code [0x0000028ad3407f00, 0x0000028ad3408830]
Event: 2.256 Thread 0x0000028ae8d2e800  829       3       java.lang.invoke.MemberName::isCallerSensitive (7 bytes)
Event: 2.256 Thread 0x0000028ae8d2e800 nmethod 829 0x0000028ad3408c10 code [0x0000028ad3408de0, 0x0000028ad3409098]
Event: 2.256 Thread 0x0000028ae8d2e800  831       3       java.lang.invoke.MethodHandles$Lookup::checkSecurityManager (104 bytes)
Event: 2.257 Thread 0x0000028ae8d2e800 nmethod 831 0x0000028ad3409190 code [0x0000028ad34094a0, 0x0000028ad340a550]
Event: 2.257 Thread 0x0000028ae8d2e800  832       3       java.lang.invoke.BoundMethodHandle$Specializer$Factory::chooseFieldName (25 bytes)
Event: 2.258 Thread 0x0000028ae8d2e800 nmethod 832 0x0000028ad340aa90 code [0x0000028ad340ad80, 0x0000028ad340bb00]
Event: 2.258 Thread 0x0000028ae8d2e800  837       3       jdk.internal.org.objectweb.asm.MethodWriter::put (1602 bytes)
Event: 2.264 Thread 0x0000028ae8d2e800 nmethod 837 0x0000028ad340c010 code [0x0000028ad340c900, 0x0000028ad340fd40]
Event: 2.264 Thread 0x0000028ae8d2e800  840       3       java.lang.invoke.ClassSpecializer::classBCName (33 bytes)
Event: 2.264 Thread 0x0000028ae8d2e800 nmethod 840 0x0000028ad3411390 code [0x0000028ad3411540, 0x0000028ad34116d0]
Event: 2.264 Thread 0x0000028ae8d2e800  841       3       java.lang.invoke.ClassSpecializer::className (33 bytes)
Event: 2.264 Thread 0x0000028ae8d2e800 nmethod 841 0x0000028ad3411790 code [0x0000028ad3411960, 0x0000028ad3411bb0]
Event: 2.264 Thread 0x0000028ae8d2e800  835       3       jdk.internal.org.objectweb.asm.MethodWriter::visitEnd (1 bytes)
Event: 2.265 Thread 0x0000028ae8d2e800 nmethod 835 0x0000028ad3411c90 code [0x0000028ad3411e40, 0x0000028ad3411fb8]
Event: 2.265 Thread 0x0000028ae8d2e800  836       3       jdk.internal.org.objectweb.asm.MethodWriter::getSize (838 bytes)
Event: 2.268 Thread 0x0000028ae8d2e800 nmethod 836 0x0000028ad3412090 code [0x0000028ad3412540, 0x0000028ad34144d0]
Event: 2.268 Thread 0x0000028ae8d2e800  847       1       java.util.concurrent.CopyOnWriteArrayList::setArray (6 bytes)
Event: 2.268 Thread 0x0000028ae8d2e800 nmethod 847 0x0000028ada81db90 code [0x0000028ada81dd40, 0x0000028ada81ded8]
Event: 2.268 Thread 0x0000028ae8d2e800  833       3       java.lang.invoke.ClassSpecializer$Factory::chooseFieldName (32 bytes)

GC Heap History (2 events):
Event: 2.188 GC heap before
{Heap before GC invocations=0 (full 0):
 garbage-first heap   total 131072K, used 13312K [0x0000000081800000, 0x0000000100000000)
  region size 1024K, 14 young (14336K), 0 survivors (0K)
 Metaspace       used 4441K, capacity 7283K, committed 7552K, reserved 1056768K
  class space    used 443K, capacity 777K, committed 896K, reserved 1048576K
}
Event: 2.193 GC heap after
{Heap after GC invocations=1 (full 0):
 garbage-first heap   total 131072K, used 2349K [0x0000000081800000, 0x0000000100000000)
  region size 1024K, 2 young (2048K), 2 survivors (2048K)
 Metaspace       used 4441K, capacity 7283K, committed 7552K, reserved 1056768K
  class space    used 443K, capacity 777K, committed 896K, reserved 1048576K
}

Deoptimization events (20 events):
Event: 0.246 Thread 0x0000028acec5f800 Uncommon trap: trap_request=0xffffffde fr.pc=0x0000028ada7ee4f0 relative=0x0000000000000af0
Event: 0.246 Thread 0x0000028acec5f800 Uncommon trap: reason=class_check action=maybe_recompile pc=0x0000028ada7ee4f0 method=java.util.HashMap.putVal(ILjava/lang/Object;Ljava/lang/Object;ZZ)Ljava/lang/Object; @ 152 c2
Event: 0.246 Thread 0x0000028acec5f800 DEOPT PACKING pc=0x0000028ada7ee4f0 sp=0x000000e9c80fc610
Event: 0.246 Thread 0x0000028acec5f800 DEOPT UNPACKING pc=0x0000028ad2d4922f sp=0x000000e9c80fc590 mode 2
Event: 0.498 Thread 0x0000028acec5f800 Uncommon trap: trap_request=0xffffffde fr.pc=0x0000028ada7ee4f0 relative=0x0000000000000af0
Event: 0.498 Thread 0x0000028acec5f800 Uncommon trap: reason=class_check action=maybe_recompile pc=0x0000028ada7ee4f0 method=java.util.HashMap.putVal(ILjava/lang/Object;Ljava/lang/Object;ZZ)Ljava/lang/Object; @ 152 c2
Event: 0.498 Thread 0x0000028acec5f800 DEOPT PACKING pc=0x0000028ada7ee4f0 sp=0x000000e9c80fc610
Event: 0.498 Thread 0x0000028acec5f800 DEOPT UNPACKING pc=0x0000028ad2d4922f sp=0x000000e9c80fc590 mode 2
Event: 0.649 Thread 0x0000028acec5f800 Uncommon trap: trap_request=0xffffffde fr.pc=0x0000028ada7ee4f0 relative=0x0000000000000af0
Event: 0.649 Thread 0x0000028acec5f800 Uncommon trap: reason=class_check action=maybe_recompile pc=0x0000028ada7ee4f0 method=java.util.HashMap.putVal(ILjava/lang/Object;Ljava/lang/Object;ZZ)Ljava/lang/Object; @ 152 c2
Event: 0.649 Thread 0x0000028acec5f800 DEOPT PACKING pc=0x0000028ada7ee4f0 sp=0x000000e9c80fc610
Event: 0.649 Thread 0x0000028acec5f800 DEOPT UNPACKING pc=0x0000028ad2d4922f sp=0x000000e9c80fc590 mode 2
Event: 1.104 Thread 0x0000028ae8d25800 Uncommon trap: trap_request=0xffffff4d fr.pc=0x0000028ada7ff8a0 relative=0x0000000000000360
Event: 1.104 Thread 0x0000028ae8d25800 Uncommon trap: reason=unstable_if action=reinterpret pc=0x0000028ada7ff8a0 method=java.lang.StringLatin1.indexOf([BI[BII)I @ 80 c2
Event: 1.104 Thread 0x0000028ae8d25800 DEOPT PACKING pc=0x0000028ada7ff8a0 sp=0x000000e9c8afc8b0
Event: 1.104 Thread 0x0000028ae8d25800 DEOPT UNPACKING pc=0x0000028ad2d4922f sp=0x000000e9c8afc838 mode 2
Event: 2.183 Thread 0x0000028acec5f800 Uncommon trap: trap_request=0xffffff4d fr.pc=0x0000028ada815698 relative=0x0000000000000318
Event: 2.183 Thread 0x0000028acec5f800 Uncommon trap: reason=unstable_if action=reinterpret pc=0x0000028ada815698 method=jdk.internal.org.objectweb.asm.Type.getArgumentsAndReturnSizes(Ljava/lang/String;)I @ 88 c2
Event: 2.183 Thread 0x0000028acec5f800 DEOPT PACKING pc=0x0000028ada815698 sp=0x000000e9c80fcc50
Event: 2.183 Thread 0x0000028acec5f800 DEOPT UNPACKING pc=0x0000028ad2d4922f sp=0x000000e9c80fcbd8 mode 2

Classes redefined (0 events):
No events

Internal exceptions (16 events):
Event: 0.143 Thread 0x0000028acec5f800 Exception <a 'java/lang/NullPointerException'{0x00000000895538d8}> (0x00000000895538d8) thrown at [c:/BuildAgent/work/5ff2f6c26000d570/src/hotspot/share/interpreter/linkResolver.cpp, line 1358]
Event: 0.225 Thread 0x0000028acec5f800 Exception <a 'java/lang/NoSuchMethodError'{0x00000000894f30d8}: 'java.lang.Object java.lang.invoke.DirectMethodHandle$Holder.invokeStatic(java.lang.Object, java.lang.Object, java.lang.Object, java.lang.Object, java.lang.Object, java.lang.Object, java.lang
Event: 0.233 Thread 0x0000028acec5f800 Exception <a 'java/lang/NoSuchMethodError'{0x0000000089312b40}: 'java.lang.Object java.lang.invoke.DirectMethodHandle$Holder.invokeStatic(java.lang.Object, java.lang.Object, java.lang.Object, java.lang.Object, java.lang.Object, java.lang.Object, java.lang
Event: 0.238 Thread 0x0000028acec5f800 Exception <a 'java/lang/NoSuchMethodError'{0x0000000089331ed0}: 'java.lang.Object java.lang.invoke.DirectMethodHandle$Holder.invokeStatic(java.lang.Object, java.lang.Object, java.lang.Object, java.lang.Object, java.lang.Object, java.lang.Object, java.lang
Event: 0.242 Thread 0x0000028acec5f800 Exception <a 'java/lang/NoSuchMethodError'{0x0000000089352b90}: 'java.lang.Object java.lang.invoke.DirectMethodHandle$Holder.invokeStatic(java.lang.Object, java.lang.Object, java.lang.Object, java.lang.Object, java.lang.Object, java.lang.Object, java.lang
Event: 1.918 Thread 0x0000028acec5f800 Exception <a 'java/lang/NoSuchMethodError'{0x0000000088f65fd0}: 'int java.lang.invoke.DirectMethodHandle$Holder.invokeStaticInit(java.lang.Object, java.lang.Object, java.lang.Object)'> (0x0000000088f65fd0) thrown at [c:/BuildAgent/work/5ff2f6c26000d570/sr
Event: 1.920 Thread 0x0000028acec5f800 Exception <a 'java/lang/NoSuchMethodError'{0x0000000088f71900}: 'void java.lang.invoke.DirectMethodHandle$Holder.invokeSpecial(java.lang.Object, java.lang.Object)'> (0x0000000088f71900) thrown at [c:/BuildAgent/work/5ff2f6c26000d570/src/hotspot/share/inte
Event: 2.016 Thread 0x0000028acec5f800 Exception <a 'java/lang/NoSuchMethodError'{0x0000000088e3aef0}: 'java.lang.Object java.lang.invoke.DirectMethodHandle$Holder.invokeStatic(java.lang.Object, java.lang.Object, int, java.lang.Object)'> (0x0000000088e3aef0) thrown at [c:/BuildAgent/work/5ff2f
Event: 2.017 Thread 0x0000028acec5f800 Exception <a 'java/lang/NoSuchMethodError'{0x0000000088e419c8}: 'java.lang.Object java.lang.invoke.Invokers$Holder.linkToTargetMethod(java.lang.Object, int, java.lang.Object, java.lang.Object)'> (0x0000000088e419c8) thrown at [c:/BuildAgent/work/5ff2f6c26
Event: 2.162 Thread 0x0000028ae9b4e800 Exception <a 'java/lang/NoSuchMethodError'{0x0000000088b35528}: 'void java.lang.invoke.DirectMethodHandle$Holder.invokeStaticInit(java.lang.Object)'> (0x0000000088b35528) thrown at [c:/BuildAgent/work/5ff2f6c26000d570/src/hotspot/share/interpreter/linkRes
Event: 2.165 Thread 0x0000028acec5f800 Exception <a 'java/lang/NoSuchMethodError'{0x0000000088e518c8}: 'java.lang.Object java.lang.invoke.Invokers$Holder.linkToTargetMethod(java.lang.Object, java.lang.Object, java.lang.Object, java.lang.Object, java.lang.Object, java.lang.Object)'> (0x00000000
Event: 2.247 Thread 0x0000028ae9b4e800 Exception <a 'java/lang/NoSuchMethodError'{0x0000000089523860}: 'java.lang.Object java.lang.invoke.DirectMethodHandle$Holder.invokeStatic(java.lang.Object, java.lang.Object, java.lang.Object, java.lang.Object, java.lang.Object, java.lang.Object, java.lang
Event: 2.249 Thread 0x0000028ae9b4e800 Exception <a 'java/lang/NoSuchMethodError'{0x00000000895315c0}: 'java.lang.Object java.lang.invoke.DirectMethodHandle$Holder.invokeStatic(java.lang.Object, java.lang.Object, java.lang.Object, java.lang.Object, java.lang.Object, java.lang.Object, java.lang
Event: 2.252 Thread 0x0000028ae9b4e800 Exception <a 'java/lang/NoSuchMethodError'{0x000000008953f230}: 'java.lang.Object java.lang.invoke.DirectMethodHandle$Holder.invokeSpecial(java.lang.Object, java.lang.Object, int, int, java.lang.Object, java.lang.Object, java.lang.Object)'> (0x00000000895
Event: 2.253 Thread 0x0000028ae9b4e800 Exception <a 'java/lang/NoSuchMethodError'{0x00000000895427c0}: 'java.lang.Object java.lang.invoke.DelegatingMethodHandle$Holder.reinvoke_L(java.lang.Object, int, int, java.lang.Object, java.lang.Object, java.lang.Object)'> (0x00000000895427c0) thrown at 
Event: 2.254 Thread 0x0000028ae9b4e800 Exception <a 'java/lang/NoSuchMethodError'{0x0000000089546c98}: 'java.lang.Object java.lang.invoke.DirectMethodHandle$Holder.invokeStatic(java.lang.Object, java.lang.Object, java.lang.Object, java.lang.Object, int)'> (0x0000000089546c98) thrown at [c:/Bui

Events (20 events):
Event: 2.238 loading class jdk/xml/internal/SecuritySupport
Event: 2.239 loading class jdk/xml/internal/SecuritySupport done
Event: 2.239 Executing VM operation: RevokeBias
Event: 2.239 Executing VM operation: RevokeBias done
Event: 2.246 loading class java/lang/invoke/BoundMethodHandle$Species_LLLLLLLLLLLL
Event: 2.247 loading class java/lang/invoke/BoundMethodHandle$Species_LLLLLLLLLLLL done
Event: 2.248 loading class java/lang/invoke/BoundMethodHandle$Species_LLLLLLLLLLLLL
Event: 2.248 loading class java/lang/invoke/BoundMethodHandle$Species_LLLLLLLLLLLLL done
Event: 2.254 loading class java/lang/invoke/BoundMethodHandle$Species_LI
Event: 2.254 loading class java/lang/invoke/BoundMethodHandle$Species_LI done
Event: 2.255 loading class java/lang/invoke/BoundMethodHandle$Species_LII
Event: 2.255 loading class java/lang/invoke/BoundMethodHandle$Species_LII done
Event: 2.257 loading class java/lang/invoke/BoundMethodHandle$Species_LIIL
Event: 2.257 loading class java/lang/invoke/BoundMethodHandle$Species_LIIL done
Event: 2.259 loading class java/lang/invoke/BoundMethodHandle$Species_LIILL
Event: 2.259 loading class java/lang/invoke/BoundMethodHandle$Species_LIILL done
Event: 2.261 loading class java/lang/invoke/BoundMethodHandle$Species_LIILLL
Event: 2.261 loading class java/lang/invoke/BoundMethodHandle$Species_LIILLL done
Event: 2.265 loading class javax/xml/stream/FactoryFinder$1
Event: 2.265 loading class javax/xml/stream/FactoryFinder$1 done


Dynamic libraries:
0x00007ff6c5480000 - 0x00007ff6c548a000 	C:\Program Files\JetBrains\IntelliJ IDEA Community Edition 2019.3.3\jbr\bin\java.exe
0x00007ffd3e3a0000 - 0x00007ffd3e590000 	C:\WINDOWS\SYSTEM32\ntdll.dll
0x00007ffd3d070000 - 0x00007ffd3d122000 	C:\WINDOWS\System32\KERNEL32.DLL
0x00007ffd3b600000 - 0x00007ffd3b8a3000 	C:\WINDOWS\System32\KERNELBASE.dll
0x00007ffd3b400000 - 0x00007ffd3b4fa000 	C:\WINDOWS\System32\ucrtbase.dll
0x00007ffd2a210000 - 0x00007ffd2a229000 	C:\Program Files\JetBrains\IntelliJ IDEA Community Edition 2019.3.3\jbr\bin\jli.dll
0x00007ffd3ddb0000 - 0x00007ffd3df44000 	C:\WINDOWS\System32\USER32.dll
0x00007ffd3b8b0000 - 0x00007ffd3b8d1000 	C:\WINDOWS\System32\win32u.dll
0x00007ffd3e150000 - 0x00007ffd3e176000 	C:\WINDOWS\System32\GDI32.dll
0x00007ffd3c1e0000 - 0x00007ffd3c374000 	C:\WINDOWS\System32\gdi32full.dll
0x00007ffd3b500000 - 0x00007ffd3b59e000 	C:\WINDOWS\System32\msvcp_win.dll
0x00007ffd34f40000 - 0x00007ffd34f57000 	C:\Program Files\JetBrains\IntelliJ IDEA Community Edition 2019.3.3\jbr\bin\VCRUNTIME140.dll
0x00007ffd3a770000 - 0x00007ffd3a9f5000 	C:\WINDOWS\WinSxS\amd64_microsoft.windows.common-controls_6595b64144ccf1df_6.0.18362.778_none_e6c6b761130d4fb8\COMCTL32.dll
0x00007ffd3dbd0000 - 0x00007ffd3dc6e000 	C:\WINDOWS\System32\msvcrt.dll
0x00007ffd3d890000 - 0x00007ffd3dbc6000 	C:\WINDOWS\System32\combase.dll
0x00007ffd3e180000 - 0x00007ffd3e2a0000 	C:\WINDOWS\System32\RPCRT4.dll
0x00007ffd3b330000 - 0x00007ffd3b3b0000 	C:\WINDOWS\System32\bcryptPrimitives.dll
0x00007ffd3cfe0000 - 0x00007ffd3d00e000 	C:\WINDOWS\System32\IMM32.DLL
0x00007ffd03fc0000 - 0x00007ffd0405d000 	C:\Program Files\JetBrains\IntelliJ IDEA Community Edition 2019.3.3\jbr\bin\msvcp140.dll
0x00007ffced680000 - 0x00007ffcee13b000 	C:\Program Files\JetBrains\IntelliJ IDEA Community Edition 2019.3.3\jbr\bin\server\jvm.dll
0x00007ffd3c4b0000 - 0x00007ffd3c553000 	C:\WINDOWS\System32\ADVAPI32.dll
0x00007ffd3dfb0000 - 0x00007ffd3e047000 	C:\WINDOWS\System32\sechost.dll
0x00007ffd3cfd0000 - 0x00007ffd3cfd8000 	C:\WINDOWS\System32\PSAPI.DLL
0x00007ffd273b0000 - 0x00007ffd273b9000 	C:\WINDOWS\SYSTEM32\WSOCK32.dll
0x00007ffd3cdc0000 - 0x00007ffd3ce2f000 	C:\WINDOWS\System32\WS2_32.dll
0x00007ffd367d0000 - 0x00007ffd367f4000 	C:\WINDOWS\SYSTEM32\WINMM.dll
0x00007ffd367a0000 - 0x00007ffd367cd000 	C:\WINDOWS\SYSTEM32\WINMMBASE.dll
0x00007ffd2c100000 - 0x00007ffd2c10a000 	C:\WINDOWS\SYSTEM32\VERSION.dll
0x00007ffd3b3b0000 - 0x00007ffd3b3fa000 	C:\WINDOWS\System32\cfgmgr32.dll
0x00007ffd3b290000 - 0x00007ffd3b2a1000 	C:\WINDOWS\System32\kernel.appcore.dll
0x00007ffd397c0000 - 0x00007ffd397d1000 	C:\Program Files\JetBrains\IntelliJ IDEA Community Edition 2019.3.3\jbr\bin\verify.dll
0x00007ffd3ad80000 - 0x00007ffd3af74000 	C:\WINDOWS\SYSTEM32\DBGHELP.DLL
0x00007ffd3ac90000 - 0x00007ffd3acba000 	C:\WINDOWS\SYSTEM32\dbgcore.DLL
0x00007ffd2a1e0000 - 0x00007ffd2a209000 	C:\Program Files\JetBrains\IntelliJ IDEA Community Edition 2019.3.3\jbr\bin\java.dll
0x00007ffd36420000 - 0x00007ffd3642f000 	C:\Program Files\JetBrains\IntelliJ IDEA Community Edition 2019.3.3\jbr\bin\instrument.dll
0x00007ffd2a240000 - 0x00007ffd2a257000 	C:\Program Files\JetBrains\IntelliJ IDEA Community Edition 2019.3.3\jbr\bin\zip.dll
0x00007ffd39800000 - 0x00007ffd3980b000 	C:\Program Files\JetBrains\IntelliJ IDEA Community Edition 2019.3.3\jbr\bin\jimage.dll
0x00007ffd3d1a0000 - 0x00007ffd3d885000 	C:\WINDOWS\System32\SHELL32.dll
0x00007ffd3cd00000 - 0x00007ffd3cda9000 	C:\WINDOWS\System32\shcore.dll
0x00007ffd3ba30000 - 0x00007ffd3c1b0000 	C:\WINDOWS\System32\windows.storage.dll
0x00007ffd3b300000 - 0x00007ffd3b323000 	C:\WINDOWS\System32\profapi.dll
0x00007ffd3b2b0000 - 0x00007ffd3b2fa000 	C:\WINDOWS\System32\powrprof.dll
0x00007ffd3b260000 - 0x00007ffd3b270000 	C:\WINDOWS\System32\UMPDC.dll
0x00007ffd3d010000 - 0x00007ffd3d062000 	C:\WINDOWS\System32\shlwapi.dll
0x00007ffd3c430000 - 0x00007ffd3c447000 	C:\WINDOWS\System32\cryptsp.dll
0x00007ffd2a1c0000 - 0x00007ffd2a1da000 	C:\Program Files\JetBrains\IntelliJ IDEA Community Edition 2019.3.3\jbr\bin\net.dll
0x00007ffd38650000 - 0x00007ffd38740000 	C:\WINDOWS\SYSTEM32\WINHTTP.dll
0x00007ffd3a450000 - 0x00007ffd3a4b7000 	C:\WINDOWS\system32\mswsock.dll
0x00007ffd28820000 - 0x00007ffd28834000 	C:\Program Files\JetBrains\IntelliJ IDEA Community Edition 2019.3.3\jbr\bin\nio.dll
0x00007ffd29770000 - 0x00007ffd2978a000 	C:\Program Files\JetBrains\IntelliJ IDEA Community Edition 2019.3.3\bin\breakgen64.dll
0x0000028acec00000 - 0x0000028acec03000 	C:\Program Files\JetBrains\IntelliJ IDEA Community Edition 2019.3.3\jbr\bin\api-ms-win-core-console-l1-1-0.dll
0x0000028acec10000 - 0x0000028acec13000 	C:\Program Files\JetBrains\IntelliJ IDEA Community Edition 2019.3.3\jbr\bin\api-ms-win-core-datetime-l1-1-0.dll
0x0000028acec20000 - 0x0000028acec23000 	C:\Program Files\JetBrains\IntelliJ IDEA Community Edition 2019.3.3\jbr\bin\api-ms-win-core-debug-l1-1-0.dll
0x0000028aea290000 - 0x0000028aea293000 	C:\Program Files\JetBrains\IntelliJ IDEA Community Edition 2019.3.3\jbr\bin\api-ms-win-core-errorhandling-l1-1-0.dll
0x0000028aea2a0000 - 0x0000028aea2a4000 	C:\Program Files\JetBrains\IntelliJ IDEA Community Edition 2019.3.3\jbr\bin\api-ms-win-core-file-l1-1-0.dll
0x0000028aea2b0000 - 0x0000028aea2b3000 	C:\Program Files\JetBrains\IntelliJ IDEA Community Edition 2019.3.3\jbr\bin\api-ms-win-core-file-l1-2-0.dll
0x0000028aea2c0000 - 0x0000028aea2c3000 	C:\Program Files\JetBrains\IntelliJ IDEA Community Edition 2019.3.3\jbr\bin\api-ms-win-core-file-l2-1-0.dll
0x0000028aea2d0000 - 0x0000028aea2d3000 	C:\Program Files\JetBrains\IntelliJ IDEA Community Edition 2019.3.3\jbr\bin\api-ms-win-core-handle-l1-1-0.dll
0x0000028aea2e0000 - 0x0000028aea2e3000 	C:\Program Files\JetBrains\IntelliJ IDEA Community Edition 2019.3.3\jbr\bin\api-ms-win-core-heap-l1-1-0.dll
0x0000028aea2f0000 - 0x0000028aea2f3000 	C:\Program Files\JetBrains\IntelliJ IDEA Community Edition 2019.3.3\jbr\bin\api-ms-win-core-interlocked-l1-1-0.dll
0x0000028aea300000 - 0x0000028aea303000 	C:\Program Files\JetBrains\IntelliJ IDEA Community Edition 2019.3.3\jbr\bin\api-ms-win-core-libraryloader-l1-1-0.dll
0x0000028aea310000 - 0x0000028aea313000 	C:\Program Files\JetBrains\IntelliJ IDEA Community Edition 2019.3.3\jbr\bin\api-ms-win-core-localization-l1-2-0.dll
0x0000028aea320000 - 0x0000028aea323000 	C:\Program Files\JetBrains\IntelliJ IDEA Community Edition 2019.3.3\jbr\bin\api-ms-win-core-memory-l1-1-0.dll
0x0000028aea330000 - 0x0000028aea333000 	C:\Program Files\JetBrains\IntelliJ IDEA Community Edition 2019.3.3\jbr\bin\api-ms-win-core-namedpipe-l1-1-0.dll
0x0000028aea340000 - 0x0000028aea343000 	C:\Program Files\JetBrains\IntelliJ IDEA Community Edition 2019.3.3\jbr\bin\api-ms-win-core-processenvironment-l1-1-0.dll
0x0000028aea350000 - 0x0000028aea353000 	C:\Program Files\JetBrains\IntelliJ IDEA Community Edition 2019.3.3\jbr\bin\api-ms-win-core-processthreads-l1-1-0.dll
0x0000028aea360000 - 0x0000028aea363000 	C:\Program Files\JetBrains\IntelliJ IDEA Community Edition 2019.3.3\jbr\bin\api-ms-win-core-processthreads-l1-1-1.dll
0x0000028aea370000 - 0x0000028aea373000 	C:\Program Files\JetBrains\IntelliJ IDEA Community Edition 2019.3.3\jbr\bin\api-ms-win-core-profile-l1-1-0.dll
0x0000028aea380000 - 0x0000028aea383000 	C:\Program Files\JetBrains\IntelliJ IDEA Community Edition 2019.3.3\jbr\bin\api-ms-win-core-rtlsupport-l1-1-0.dll
0x0000028aea3b0000 - 0x0000028aea3b3000 	C:\Program Files\JetBrains\IntelliJ IDEA Community Edition 2019.3.3\jbr\bin\api-ms-win-core-string-l1-1-0.dll
0x0000028aea3c0000 - 0x0000028aea3c3000 	C:\Program Files\JetBrains\IntelliJ IDEA Community Edition 2019.3.3\jbr\bin\api-ms-win-core-synch-l1-1-0.dll
0x0000028aea390000 - 0x0000028aea393000 	C:\Program Files\JetBrains\IntelliJ IDEA Community Edition 2019.3.3\jbr\bin\api-ms-win-core-synch-l1-2-0.dll
0x0000028aea3e0000 - 0x0000028aea3e3000 	C:\Program Files\JetBrains\IntelliJ IDEA Community Edition 2019.3.3\jbr\bin\api-ms-win-core-sysinfo-l1-1-0.dll
0x0000028aea3a0000 - 0x0000028aea3a3000 	C:\Program Files\JetBrains\IntelliJ IDEA Community Edition 2019.3.3\jbr\bin\api-ms-win-core-timezone-l1-1-0.dll
0x0000028aea3d0000 - 0x0000028aea3d3000 	C:\Program Files\JetBrains\IntelliJ IDEA Community Edition 2019.3.3\jbr\bin\api-ms-win-core-util-l1-1-0.dll
0x0000028aea3f0000 - 0x0000028aea3f3000 	C:\Program Files\JetBrains\IntelliJ IDEA Community Edition 2019.3.3\jbr\bin\api-ms-win-crt-conio-l1-1-0.dll
0x0000028aea400000 - 0x0000028aea404000 	C:\Program Files\JetBrains\IntelliJ IDEA Community Edition 2019.3.3\jbr\bin\api-ms-win-crt-convert-l1-1-0.dll
0x0000028aea410000 - 0x0000028aea413000 	C:\Program Files\JetBrains\IntelliJ IDEA Community Edition 2019.3.3\jbr\bin\api-ms-win-crt-environment-l1-1-0.dll
0x0000028aea420000 - 0x0000028aea423000 	C:\Program Files\JetBrains\IntelliJ IDEA Community Edition 2019.3.3\jbr\bin\api-ms-win-crt-filesystem-l1-1-0.dll
0x0000028aea430000 - 0x0000028aea433000 	C:\Program Files\JetBrains\IntelliJ IDEA Community Edition 2019.3.3\jbr\bin\api-ms-win-crt-heap-l1-1-0.dll
0x0000028aea440000 - 0x0000028aea443000 	C:\Program Files\JetBrains\IntelliJ IDEA Community Edition 2019.3.3\jbr\bin\api-ms-win-crt-locale-l1-1-0.dll
0x0000028aea450000 - 0x0000028aea455000 	C:\Program Files\JetBrains\IntelliJ IDEA Community Edition 2019.3.3\jbr\bin\api-ms-win-crt-math-l1-1-0.dll
0x0000028aea460000 - 0x0000028aea465000 	C:\Program Files\JetBrains\IntelliJ IDEA Community Edition 2019.3.3\jbr\bin\api-ms-win-crt-multibyte-l1-1-0.dll
0x0000028aea470000 - 0x0000028aea480000 	C:\Program Files\JetBrains\IntelliJ IDEA Community Edition 2019.3.3\jbr\bin\api-ms-win-crt-private-l1-1-0.dll
0x0000028aea480000 - 0x0000028aea483000 	C:\Program Files\JetBrains\IntelliJ IDEA Community Edition 2019.3.3\jbr\bin\api-ms-win-crt-process-l1-1-0.dll
0x0000028aea490000 - 0x0000028aea494000 	C:\Program Files\JetBrains\IntelliJ IDEA Community Edition 2019.3.3\jbr\bin\api-ms-win-crt-runtime-l1-1-0.dll
0x0000028aea4a0000 - 0x0000028aea4a4000 	C:\Program Files\JetBrains\IntelliJ IDEA Community Edition 2019.3.3\jbr\bin\api-ms-win-crt-stdio-l1-1-0.dll
0x0000028aea4b0000 - 0x0000028aea4b4000 	C:\Program Files\JetBrains\IntelliJ IDEA Community Edition 2019.3.3\jbr\bin\api-ms-win-crt-string-l1-1-0.dll
0x0000028aea4c0000 - 0x0000028aea4c3000 	C:\Program Files\JetBrains\IntelliJ IDEA Community Edition 2019.3.3\jbr\bin\api-ms-win-crt-time-l1-1-0.dll
0x0000028aea4d0000 - 0x0000028aea4d3000 	C:\Program Files\JetBrains\IntelliJ IDEA Community Edition 2019.3.3\jbr\bin\api-ms-win-crt-utility-l1-1-0.dll
0x00007ffd03d60000 - 0x00007ffd03e5a000 	C:\Program Files\JetBrains\IntelliJ IDEA Community Edition 2019.3.3\jbr\bin\ucrtbase.dll
0x00007ffd268a0000 - 0x00007ffd268f1000 	C:\Windows\System32\concrt140.dll
0x00007ffd1bc80000 - 0x00007ffd1bca3000 	C:\Program Files\JetBrains\IntelliJ IDEA Community Edition 2019.3.3\jbr\bin\prism_d3d.dll
0x00007ffcd7c40000 - 0x00007ffcd7e07000 	C:\WINDOWS\system32\d3d9.dll
0x00007ffd38430000 - 0x00007ffd3845d000 	C:\WINDOWS\SYSTEM32\dwmapi.dll
0x00007ffd391f0000 - 0x00007ffd39210000 	C:\WINDOWS\SYSTEM32\dxcore.dll
0x00007ffd38020000 - 0x00007ffd380b9000 	C:\WINDOWS\system32\uxtheme.dll
0x00007ffcd7a50000 - 0x00007ffcd7c3b000 	C:\WINDOWS\System32\DriverStore\FileRepository\igdlh64.inf_amd64_93aea38e2cf9d075\igdumdim64.dll
0x00007ffcce0d0000 - 0x00007ffcd164d000 	C:\WINDOWS\System32\DriverStore\FileRepository\igdlh64.inf_amd64_93aea38e2cf9d075\igd9dxva64.dll
0x00007ffd3cb80000 - 0x00007ffd3ccd7000 	C:\WINDOWS\System32\ole32.dll
0x00007ffd3ce30000 - 0x00007ffd3cef4000 	C:\WINDOWS\System32\OLEAUT32.dll
0x00007ffd1b640000 - 0x00007ffd1b685000 	C:\Program Files\JetBrains\IntelliJ IDEA Community Edition 2019.3.3\jbr\bin\glass.dll
0x00007ffd3cf00000 - 0x00007ffd3cfd0000 	C:\WINDOWS\System32\COMDLG32.dll
0x00007ffd3dc70000 - 0x00007ffd3dda6000 	C:\WINDOWS\System32\MSCTF.dll
0x00007ffd29f40000 - 0x00007ffd29f64000 	C:\WINDOWS\System32\DriverStore\FileRepository\igdlh64.inf_amd64_93aea38e2cf9d075\igdinfo64.dll
0x00007ffd2de30000 - 0x00007ffd2fd31000 	C:\WINDOWS\System32\DriverStore\FileRepository\igdlh64.inf_amd64_93aea38e2cf9d075\igc64.dll

dbghelp: loaded successfully - version: 4.0.5 - missing functions: none
symbol engine: initialized successfully - sym options: 0x614 - pdb path: .;C:\Program Files\JetBrains\IntelliJ IDEA Community Edition 2019.3.3\jbr\bin;C:\WINDOWS\SYSTEM32;C:\WINDOWS\WinSxS\amd64_microsoft.windows.common-controls_6595b64144ccf1df_6.0.18362.778_none_e6c6b761130d4fb8;C:\Program Files\JetBrains\IntelliJ IDEA Community Edition 2019.3.3\jbr\bin\server;C:\Program Files\JetBrains\IntelliJ IDEA Community Edition 2019.3.3\bin;C:\WINDOWS\System32\DriverStore\FileRepository\igdlh64.inf_amd64_93aea38e2cf9d075

VM Arguments:
jvm_args: -javaagent:C:\Program Files\JetBrains\IntelliJ IDEA Community Edition 2019.3.3\lib\idea_rt.jar=60548:C:\Program Files\JetBrains\IntelliJ IDEA Community Edition 2019.3.3\bin -Dfile.encoding=UTF-8 
java_command: sample.Main
java_class_path (initial): C:\Users\anamm\IdeaProjects\Assignment5\out\production\Assignment5
Launcher Type: SUN_STANDARD

[Global flags]
     intx CICompilerCount                          = 3                                         {product} {ergonomic}
     uint ConcGCThreads                            = 1                                         {product} {ergonomic}
     uint G1ConcRefinementThreads                  = 4                                         {product} {ergonomic}
   size_t G1HeapRegionSize                         = 1048576                                   {product} {ergonomic}
    uintx GCDrainStackTargetSize                   = 64                                        {product} {ergonomic}
   size_t InitialHeapSize                          = 134217728                                 {product} {ergonomic}
   size_t MarkStackSize                            = 4194304                                   {product} {ergonomic}
   size_t MaxHeapSize                              = 2122317824                                {product} {ergonomic}
   size_t MaxNewSize                               = 1272971264                                {product} {ergonomic}
   size_t MinHeapDeltaBytes                        = 1048576                                   {product} {ergonomic}
    uintx NonNMethodCodeHeapSize                   = 5830732                                {pd product} {ergonomic}
    uintx NonProfiledCodeHeapSize                  = 122913754                              {pd product} {ergonomic}
    uintx ProfiledCodeHeapSize                     = 122913754                              {pd product} {ergonomic}
    uintx ReservedCodeCacheSize                    = 251658240                              {pd product} {ergonomic}
     bool SegmentedCodeCache                       = true                                      {product} {ergonomic}
     bool UseCompressedClassPointers               = true                                 {lp64_product} {ergonomic}
     bool UseCompressedOops                        = true                                 {lp64_product} {ergonomic}
     bool UseG1GC                                  = true                                      {product} {ergonomic}
     bool UseLargePagesIndividualAllocation        = false                                  {pd product} {ergonomic}

Logging:
Log output configuration:
 #0: stdout all=warning uptime,level,tags
 #1: stderr all=off uptime,level,tags

Environment Variables:
JAVA_HOME=C:\Program Files\Java\jdk1.8.0_241
PATH=C:\Program Files (x86)\Common Files\Oracle\Java\javapath;C:\Program Files (x86)\Intel\Intel(R) Management Engine Components\iCLS\;C:\Program Files\Intel\Intel(R) Management Engine Components\iCLS\;C:\WINDOWS\system32;C:\WINDOWS;C:\WINDOWS\System32\Wbem;C:\WINDOWS\System32\WindowsPowerShell\v1.0\;C:\WINDOWS\System32\OpenSSH\;C:\Program Files (x86)\Intel\Intel(R) Management Engine Components\DAL;C:\Program Files\Intel\Intel(R) Management Engine Components\DAL;C:\Program Files (x86)\Intel\Intel(R) Management Engine Components\IPT;C:\Program Files\Intel\Intel(R) Management Engine Components\IPT;C:\Program Files\MATLAB\R2018b\bin;C:\MinGW\bin;C:\Program Files\Git\cmd;C:\Program Files\Git\mingw64\bin;C:\Program Files\Git\usr\bin;C:\Program Files\dotnet\;C:\Users\anamm\AppData\Local\Microsoft\WindowsApps;C:\Users\anamm\AppData\Local\Programs\Microsoft VS Code\bin;C:\Users\anamm\AppData\Local\atom\bin;C:\Users\anamm\AppData\Local\GitHubDesktop\bin;%USERPROFILE%\AppData\Local\Microsoft\WindowsApps;
USERNAME=anamm
OS=Windows_NT
PROCESSOR_IDENTIFIER=Intel64 Family 6 Model 142 Stepping 9, GenuineIntel



---------------  S Y S T E M  ---------------

OS: Windows 10 , 64 bit Build 18362 (10.0.18362.778)

CPU:total 4 (initial active 4) (2 cores per cpu, 2 threads per core) family 6 model 142 stepping 9, cmov, cx8, fxsr, mmx, sse, sse2, sse3, ssse3, sse4.1, sse4.2, popcnt, avx, avx2, aes, clmul, erms, 3dnowpref, lzcnt, ht, tsc, tscinvbit, bmi1, bmi2, adx, fma

Memory: 4k page, system-wide physical 8095M (1566M free)
TotalPageFile size 17864M (AvailPageFile size 5M)
current process WorkingSet (physical memory assigned to process): 89M, peak: 89M
current process commit charge ("private bytes"): 231M, peak: 232M

vm_info: OpenJDK 64-Bit Server VM (11.0.5+10-b520.38) for windows-amd64 JRE (11.0.5+10-b520.38), built on Jan 23 2020 07:58:32 by "" with MS VC++ 14.0 (VS2015)

END.
